\BOOKMARK [1][-]{section.1}{Introduction}{}% 1
\BOOKMARK [1][-]{section.2}{Linear time granularities}{}% 2
\BOOKMARK [2][-]{subsection.2.1}{Definitions}{section.2}% 3
\BOOKMARK [2][-]{subsection.2.2}{Relativities}{section.2}% 4
\BOOKMARK [1][-]{section.3}{Cyclic time granularities}{}% 5
\BOOKMARK [2][-]{subsection.3.1}{Circular granularities}{section.3}% 6
\BOOKMARK [2][-]{subsection.3.2}{Quasi-circular granularities}{section.3}% 7
\BOOKMARK [2][-]{subsection.3.3}{Aperiodic granularities}{section.3}% 8
\BOOKMARK [2][-]{subsection.3.4}{Relativities}{section.3}% 9
\BOOKMARK [2][-]{subsection.3.5}{Computation}{section.3}% 10
\BOOKMARK [3][-]{section*.7}{Single-to-multiple order-up}{subsection.3.5}% 11
\BOOKMARK [3][-]{section*.9}{Multiple-to-single order-up}{subsection.3.5}% 12
\BOOKMARK [3][-]{section*.10}{Multiple order-up quasi-circular granularities}{subsection.3.5}% 13
\BOOKMARK [1][-]{section.4}{Data structure}{}% 14
\BOOKMARK [2][-]{subsection.4.1}{Harmonies and clashes}{section.4}% 15
\BOOKMARK [2][-]{subsection.4.2}{Near-clashes}{section.4}% 16
\BOOKMARK [1][-]{section.5}{Visualization}{}% 17
\BOOKMARK [2][-]{subsection.5.1}{Data summarization}{section.5}% 18
\BOOKMARK [2][-]{subsection.5.2}{Display choices for univariate distributions}{section.5}% 19
\BOOKMARK [2][-]{subsection.5.3}{Comparison across sub-groups induced by conditioning}{section.5}% 20
\BOOKMARK [3][-]{section*.12}{Levels}{subsection.5.3}% 21
\BOOKMARK [3][-]{section*.13}{Synergy of cyclic granularities}{subsection.5.3}% 22
\BOOKMARK [3][-]{section*.15}{Conditioning variable}{subsection.5.3}% 23
\BOOKMARK [1][-]{section.6}{Applications}{}% 24
\BOOKMARK [2][-]{subsection.6.1}{Smart meter data of Australia}{section.6}% 25
\BOOKMARK [3][-]{section*.16}{Cyclic granularities search and computation}{subsection.6.1}% 26
\BOOKMARK [3][-]{section*.17}{Screening and visualizing harmonies}{subsection.6.1}% 27
\BOOKMARK [2][-]{subsection.6.2}{T20 cricket data of Indian Premier League}{section.6}% 28
\BOOKMARK [1][-]{section.7}{Discussion}{}% 29
\BOOKMARK [1][-]{section*.22}{Acknowledgments}{}% 30
\BOOKMARK [1][-]{section.8}{Supplementary Materials}{}% 31
